mode: atomic
github.com/gleicon/transcoder/cmd/transcoder/main.go:15.40,18.2 2 0
github.com/gleicon/transcoder/cmd/transcoder/main.go:20.40,23.2 2 0
github.com/gleicon/transcoder/cmd/transcoder/main.go:25.131,26.16 1 0
github.com/gleicon/transcoder/cmd/transcoder/main.go:26.16,28.3 1 0
github.com/gleicon/transcoder/cmd/transcoder/main.go:31.2,32.89 2 0
github.com/gleicon/transcoder/cmd/transcoder/main.go:32.89,34.3 1 0
github.com/gleicon/transcoder/cmd/transcoder/main.go:37.2,38.94 2 0
github.com/gleicon/transcoder/cmd/transcoder/main.go:38.94,40.3 1 0
github.com/gleicon/transcoder/cmd/transcoder/main.go:43.2,43.92 1 0
github.com/gleicon/transcoder/cmd/transcoder/main.go:43.92,45.3 1 0
github.com/gleicon/transcoder/cmd/transcoder/main.go:47.2,47.12 1 0
github.com/gleicon/transcoder/cmd/transcoder/main.go:50.116,51.22 1 0
github.com/gleicon/transcoder/cmd/transcoder/main.go:51.22,53.3 1 0
github.com/gleicon/transcoder/cmd/transcoder/main.go:56.2,56.77 1 0
github.com/gleicon/transcoder/cmd/transcoder/main.go:56.77,58.3 1 0
github.com/gleicon/transcoder/cmd/transcoder/main.go:60.2,60.12 1 0
github.com/gleicon/transcoder/cmd/transcoder/main.go:63.13,70.35 6 0
github.com/gleicon/transcoder/cmd/transcoder/main.go:70.35,72.3 1 0
github.com/gleicon/transcoder/cmd/transcoder/main.go:74.2,74.17 1 0
github.com/gleicon/transcoder/cmd/transcoder/main.go:74.17,76.3 1 0
github.com/gleicon/transcoder/cmd/transcoder/main.go:78.2,78.51 1 0
github.com/gleicon/transcoder/cmd/transcoder/main.go:78.51,80.3 1 0
github.com/gleicon/transcoder/cmd/transcoder/main.go:83.2,83.65 1 0
github.com/gleicon/transcoder/cmd/transcoder/main.go:83.65,85.3 1 0
github.com/gleicon/transcoder/cmd/transcoder/main.go:88.2,89.16 2 0
github.com/gleicon/transcoder/cmd/transcoder/main.go:89.16,91.3 1 0
github.com/gleicon/transcoder/cmd/transcoder/main.go:92.2,97.25 3 0
github.com/gleicon/transcoder/cmd/transcoder/main.go:97.25,98.93 1 0
github.com/gleicon/transcoder/cmd/transcoder/main.go:98.93,100.4 1 0
github.com/gleicon/transcoder/cmd/transcoder/main.go:101.8,101.32 1 0
github.com/gleicon/transcoder/cmd/transcoder/main.go:101.32,102.85 1 0
github.com/gleicon/transcoder/cmd/transcoder/main.go:102.85,104.4 1 0
github.com/gleicon/transcoder/cmd/transcoder/main.go:105.8,107.3 1 0
github.com/gleicon/transcoder/cmd/transcoder/main.go:109.2,109.51 1 0
github.com/gleicon/transcoder/pkg/ffmpeg/ffmpeg.go:23.29,25.51 1 1
github.com/gleicon/transcoder/pkg/ffmpeg/ffmpeg.go:25.51,27.3 1 0
github.com/gleicon/transcoder/pkg/ffmpeg/ffmpeg.go:29.2,29.23 1 1
github.com/gleicon/transcoder/pkg/ffmpeg/ffmpeg.go:33.49,34.16 1 0
github.com/gleicon/transcoder/pkg/ffmpeg/ffmpeg.go:34.16,36.3 1 0
github.com/gleicon/transcoder/pkg/ffmpeg/ffmpeg.go:37.2,39.8 1 0
github.com/gleicon/transcoder/pkg/ffmpeg/ffmpeg.go:43.27,43.28 0 0
github.com/gleicon/transcoder/pkg/ffmpeg/ffmpeg.go:46.80,48.42 1 2
github.com/gleicon/transcoder/pkg/ffmpeg/ffmpeg.go:48.42,49.25 1 1
github.com/gleicon/transcoder/pkg/ffmpeg/ffmpeg.go:49.25,51.4 1 1
github.com/gleicon/transcoder/pkg/ffmpeg/ffmpeg.go:52.3,52.58 1 0
github.com/gleicon/transcoder/pkg/ffmpeg/ffmpeg.go:56.2,56.48 1 1
github.com/gleicon/transcoder/pkg/ffmpeg/ffmpeg.go:56.48,58.3 1 0
github.com/gleicon/transcoder/pkg/ffmpeg/ffmpeg.go:61.2,72.18 2 1
github.com/gleicon/transcoder/pkg/ffmpeg/ffmpeg.go:72.18,76.3 3 0
github.com/gleicon/transcoder/pkg/ffmpeg/ffmpeg.go:79.2,79.36 1 1
github.com/gleicon/transcoder/pkg/ffmpeg/ffmpeg.go:79.36,81.3 1 0
github.com/gleicon/transcoder/pkg/ffmpeg/ffmpeg.go:83.2,83.12 1 1
github.com/gleicon/transcoder/pkg/ffmpeg/ffmpeg.go:87.94,89.16 1 4
github.com/gleicon/transcoder/pkg/ffmpeg/ffmpeg.go:89.16,91.3 1 2
github.com/gleicon/transcoder/pkg/ffmpeg/ffmpeg.go:94.2,94.42 1 2
github.com/gleicon/transcoder/pkg/ffmpeg/ffmpeg.go:94.42,95.25 1 1
github.com/gleicon/transcoder/pkg/ffmpeg/ffmpeg.go:95.25,97.4 1 1
github.com/gleicon/transcoder/pkg/ffmpeg/ffmpeg.go:98.3,98.58 1 0
github.com/gleicon/transcoder/pkg/ffmpeg/ffmpeg.go:102.2,102.48 1 1
github.com/gleicon/transcoder/pkg/ffmpeg/ffmpeg.go:102.48,104.3 1 0
github.com/gleicon/transcoder/pkg/ffmpeg/ffmpeg.go:107.2,115.18 2 1
github.com/gleicon/transcoder/pkg/ffmpeg/ffmpeg.go:115.18,119.3 3 0
github.com/gleicon/transcoder/pkg/ffmpeg/ffmpeg.go:122.2,122.36 1 1
github.com/gleicon/transcoder/pkg/ffmpeg/ffmpeg.go:122.36,124.3 1 0
github.com/gleicon/transcoder/pkg/ffmpeg/ffmpeg.go:126.2,126.12 1 1
github.com/gleicon/transcoder/pkg/ffmpeg/ffmpeg.go:130.43,132.16 2 4
github.com/gleicon/transcoder/pkg/ffmpeg/ffmpeg.go:132.16,134.3 1 3
github.com/gleicon/transcoder/pkg/ffmpeg/ffmpeg.go:135.2,135.12 1 1
github.com/gleicon/transcoder/pkg/whisper/whisper.go:21.29,24.16 2 6
github.com/gleicon/transcoder/pkg/whisper/whisper.go:24.16,26.3 1 0
github.com/gleicon/transcoder/pkg/whisper/whisper.go:29.2,36.3 2 6
github.com/gleicon/transcoder/pkg/whisper/whisper.go:46.43,48.56 1 2
github.com/gleicon/transcoder/pkg/whisper/whisper.go:48.56,50.3 1 0
github.com/gleicon/transcoder/pkg/whisper/whisper.go:53.2,53.53 1 2
github.com/gleicon/transcoder/pkg/whisper/whisper.go:53.53,55.3 1 1
github.com/gleicon/transcoder/pkg/whisper/whisper.go:57.2,59.8 1 1
github.com/gleicon/transcoder/pkg/whisper/whisper.go:63.65,64.16 1 0
github.com/gleicon/transcoder/pkg/whisper/whisper.go:64.16,66.3 1 0
github.com/gleicon/transcoder/pkg/whisper/whisper.go:69.2,69.53 1 0
github.com/gleicon/transcoder/pkg/whisper/whisper.go:69.53,71.3 1 0
github.com/gleicon/transcoder/pkg/whisper/whisper.go:73.2,76.8 1 0
github.com/gleicon/transcoder/pkg/whisper/whisper.go:80.28,80.29 0 0
github.com/gleicon/transcoder/pkg/whisper/whisper.go:83.79,85.42 1 2
github.com/gleicon/transcoder/pkg/whisper/whisper.go:85.42,86.25 1 1
github.com/gleicon/transcoder/pkg/whisper/whisper.go:86.25,88.4 1 1
github.com/gleicon/transcoder/pkg/whisper/whisper.go:89.3,89.58 1 0
github.com/gleicon/transcoder/pkg/whisper/whisper.go:93.2,93.48 1 1
github.com/gleicon/transcoder/pkg/whisper/whisper.go:93.48,95.3 1 0
github.com/gleicon/transcoder/pkg/whisper/whisper.go:98.2,104.60 2 1
github.com/gleicon/transcoder/pkg/whisper/whisper.go:104.60,106.3 1 0
github.com/gleicon/transcoder/pkg/whisper/whisper.go:108.2,108.26 1 1
github.com/gleicon/transcoder/pkg/whisper/whisper.go:108.26,110.3 1 1
github.com/gleicon/transcoder/pkg/whisper/whisper.go:112.2,115.18 2 1
github.com/gleicon/transcoder/pkg/whisper/whisper.go:115.18,119.3 3 0
github.com/gleicon/transcoder/pkg/whisper/whisper.go:122.2,122.36 1 1
github.com/gleicon/transcoder/pkg/whisper/whisper.go:122.36,124.3 1 0
github.com/gleicon/transcoder/pkg/whisper/whisper.go:126.2,126.12 1 1
github.com/gleicon/transcoder/pkg/whisper/whisper.go:130.106,132.42 1 4
github.com/gleicon/transcoder/pkg/whisper/whisper.go:132.42,133.25 1 1
github.com/gleicon/transcoder/pkg/whisper/whisper.go:133.25,135.4 1 1
github.com/gleicon/transcoder/pkg/whisper/whisper.go:136.3,136.58 1 0
github.com/gleicon/transcoder/pkg/whisper/whisper.go:140.2,140.48 1 3
github.com/gleicon/transcoder/pkg/whisper/whisper.go:140.48,142.3 1 0
github.com/gleicon/transcoder/pkg/whisper/whisper.go:145.2,145.46 1 3
github.com/gleicon/transcoder/pkg/whisper/whisper.go:145.46,151.39 3 2
github.com/gleicon/transcoder/pkg/whisper/whisper.go:151.39,152.26 1 100
github.com/gleicon/transcoder/pkg/whisper/whisper.go:152.26,154.10 2 1
github.com/gleicon/transcoder/pkg/whisper/whisper.go:157.3,157.15 1 2
github.com/gleicon/transcoder/pkg/whisper/whisper.go:157.15,159.4 1 1
github.com/gleicon/transcoder/pkg/whisper/whisper.go:163.2,171.22 2 2
github.com/gleicon/transcoder/pkg/whisper/whisper.go:171.22,173.3 1 1
github.com/gleicon/transcoder/pkg/whisper/whisper.go:175.2,175.26 1 2
github.com/gleicon/transcoder/pkg/whisper/whisper.go:175.26,177.3 1 2
github.com/gleicon/transcoder/pkg/whisper/whisper.go:179.2,182.18 2 2
github.com/gleicon/transcoder/pkg/whisper/whisper.go:182.18,186.3 3 0
github.com/gleicon/transcoder/pkg/whisper/whisper.go:189.2,189.36 1 2
github.com/gleicon/transcoder/pkg/whisper/whisper.go:189.36,191.3 1 0
github.com/gleicon/transcoder/pkg/whisper/whisper.go:193.2,193.12 1 2
github.com/gleicon/transcoder/pkg/whisper/whisper.go:197.43,199.16 2 6
github.com/gleicon/transcoder/pkg/whisper/whisper.go:199.16,201.3 1 5
github.com/gleicon/transcoder/pkg/whisper/whisper.go:202.2,202.12 1 1
github.com/gleicon/transcoder/pkg/translation/translation.go:22.64,23.22 1 8
github.com/gleicon/transcoder/pkg/translation/translation.go:23.22,25.3 1 1
github.com/gleicon/transcoder/pkg/translation/translation.go:26.2,26.23 1 7
github.com/gleicon/transcoder/pkg/translation/translation.go:26.23,28.3 1 1
github.com/gleicon/transcoder/pkg/translation/translation.go:31.2,32.16 2 6
github.com/gleicon/transcoder/pkg/translation/translation.go:32.16,34.3 1 0
github.com/gleicon/transcoder/pkg/translation/translation.go:37.2,38.16 2 6
github.com/gleicon/transcoder/pkg/translation/translation.go:38.16,41.3 2 0
github.com/gleicon/transcoder/pkg/translation/translation.go:43.2,46.8 1 6
github.com/gleicon/transcoder/pkg/translation/translation.go:50.40,54.2 3 0
github.com/gleicon/transcoder/pkg/translation/translation.go:57.30,58.31 1 5
github.com/gleicon/transcoder/pkg/translation/translation.go:58.31,60.3 1 5
github.com/gleicon/transcoder/pkg/translation/translation.go:61.2,61.30 1 5
github.com/gleicon/transcoder/pkg/translation/translation.go:61.30,63.3 1 5
github.com/gleicon/transcoder/pkg/translation/translation.go:67.93,68.22 1 3
github.com/gleicon/transcoder/pkg/translation/translation.go:68.22,70.3 1 1
github.com/gleicon/transcoder/pkg/translation/translation.go:72.2,72.50 1 2
github.com/gleicon/transcoder/pkg/translation/translation.go:72.50,74.3 1 1
github.com/gleicon/transcoder/pkg/translation/translation.go:77.2,77.64 1 1
github.com/gleicon/transcoder/pkg/translation/translation.go:77.64,79.3 1 0
github.com/gleicon/transcoder/pkg/translation/translation.go:82.2,83.52 2 1
github.com/gleicon/transcoder/pkg/translation/translation.go:83.52,85.79 2 0
github.com/gleicon/transcoder/pkg/translation/translation.go:85.79,87.4 1 0
github.com/gleicon/transcoder/pkg/translation/translation.go:88.3,88.29 1 0
github.com/gleicon/transcoder/pkg/translation/translation.go:89.8,91.3 1 1
github.com/gleicon/transcoder/pkg/translation/translation.go:94.2,94.105 1 1
github.com/gleicon/transcoder/pkg/translation/translation.go:94.105,96.3 1 0
github.com/gleicon/transcoder/pkg/translation/translation.go:98.2,98.12 1 1
github.com/gleicon/transcoder/pkg/translation/translation.go:102.97,103.22 1 4
github.com/gleicon/transcoder/pkg/translation/translation.go:103.22,105.3 1 1
github.com/gleicon/transcoder/pkg/translation/translation.go:107.2,107.50 1 3
github.com/gleicon/transcoder/pkg/translation/translation.go:107.50,109.3 1 1
github.com/gleicon/transcoder/pkg/translation/translation.go:112.2,112.64 1 2
github.com/gleicon/transcoder/pkg/translation/translation.go:112.64,114.3 1 0
github.com/gleicon/transcoder/pkg/translation/translation.go:117.2,118.78 2 2
github.com/gleicon/transcoder/pkg/translation/translation.go:118.78,120.3 1 0
github.com/gleicon/transcoder/pkg/translation/translation.go:123.2,123.105 1 2
github.com/gleicon/transcoder/pkg/translation/translation.go:123.105,125.3 1 2
github.com/gleicon/transcoder/pkg/translation/translation.go:127.2,127.12 1 0
github.com/gleicon/transcoder/pkg/translation/translation.go:131.43,133.16 2 0
github.com/gleicon/transcoder/pkg/translation/translation.go:133.16,135.3 1 0
github.com/gleicon/transcoder/pkg/translation/translation.go:136.2,136.12 1 0
github.com/gleicon/transcoder/pkg/translation/translation.go:140.55,142.2 1 0
github.com/gleicon/transcoder/pkg/translation/translation.go:145.58,147.2 1 0
